{
  "stats": {
    "suites": 1,
    "tests": 1,
    "passes": 1,
    "pending": 0,
    "failures": 0,
    "start": "2023-07-08T21:54:55.829Z",
    "end": "2023-07-08T21:55:03.153Z",
    "duration": 7324,
    "testsRegistered": 1,
    "passPercent": 100,
    "pendingPercent": 0,
    "other": 0,
    "hasOther": false,
    "skipped": 0,
    "hasSkipped": false
  },
  "results": [
    {
      "uuid": "96109461-9f64-43d7-8030-87c43864e998",
      "title": "",
      "fullFile": "cypress/e2e/spec.cy.js",
      "file": "cypress/e2e/spec.cy.js",
      "beforeHooks": [],
      "afterHooks": [],
      "tests": [],
      "suites": [
        {
          "uuid": "79b781ff-a7ac-47d3-b08d-07a590d4f9db",
          "title": "Home page Test",
          "fullFile": "",
          "file": "",
          "beforeHooks": [],
          "afterHooks": [],
          "tests": [
            {
              "title": "titles are correct",
              "fullTitle": "Home page Test titles are correct",
              "timedOut": null,
              "duration": 2313,
              "state": "passed",
              "speed": "fast",
              "pass": true,
              "fail": false,
              "pending": false,
              "context": null,
              "code": "const page = cy.visit('https://croydonwebservices.com/');\npage.get('title').should('have.text', 'Home | croydonwebservices.com');",
              "err": {},
              "uuid": "92459517-5f6b-47c4-8c77-0ff55dd64e1e",
              "parentUUID": "79b781ff-a7ac-47d3-b08d-07a590d4f9db",
              "isHook": false,
              "skipped": false
            }
          ],
          "suites": [],
          "passes": [
            "92459517-5f6b-47c4-8c77-0ff55dd64e1e"
          ],
          "failures": [],
          "pending": [],
          "skipped": [],
          "duration": 2313,
          "root": false,
          "rootEmpty": false,
          "_timeout": 2000
        }
      ],
      "passes": [],
      "failures": [],
      "pending": [],
      "skipped": [],
      "duration": 0,
      "root": true,
      "rootEmpty": true,
      "_timeout": 2000
    }
  ],
  "meta": {
    "mocha": {
      "version": "7.0.1"
    },
    "mochawesome": {
      "options": {
        "quiet": false,
        "reportFilename": "mochawesome",
        "saveHtml": false,
        "saveJson": true,
        "consoleReporter": "spec",
        "useInlineDiffs": false,
        "code": true
      },
      "version": "7.1.3"
    },
    "marge": {
      "options": {
        "id": "default",
        "reportDir": "cypress/reports/mocha",
        "quite": true,
        "overwrite": false,
        "html": false,
        "json": true
      },
      "version": "6.2.0"
    }
  }
}